<?xml version="1.0" encoding="UTF-8"?>
<!-- Generated by org.testng.reporters.JUnitReportReporter -->
<testsuite skipped="0" hostname="PC33" name="Demo.DemoB" tests="1" failures="0" timestamp="11 May 2018 04:58:46 GMT" time="0.001" errors="0">
  <testcase name="printB" time="0.001" classname="Demo.DemoB"/>
</testsuite> <!-- Demo.DemoB -->
