<?xml version="1.0" encoding="UTF-8"?>
<!-- Generated by org.testng.reporters.JUnitReportReporter -->
<testsuite skipped="0" hostname="PC33" name="Demo.DemoA" tests="1" failures="0" timestamp="11 May 2018 04:59:17 GMT" time="0.007" errors="0">
  <testcase name="printA" time="0.007" classname="Demo.DemoA"/>
</testsuite> <!-- Demo.DemoA -->
